2024-02-07 16:23:39 https://sbis.ru Подключение к base_url https://sbis.ru

2024-02-07 16:23:42 https://sbis.ru Подключение успешно

2024-02-07 16:23:42 https://sbis.ru Ищем и возвращаем элемент ('css selector', '.clientWidget-Button__icon')

2024-02-07 16:23:43 https://sbis.ru Ищем и возвращаем элемент ('css selector', 'li.sbisru-Header__menu-item:nth-child(2) > a:nth-child(1)')

2024-02-07 16:23:46 https://sbis.ru Ищем и ожидаем объект ('css selector', '.sbisru-Contacts__border-left--border-xm > a:nth-child(1) > img:nth-child(1)')

2024-02-07 16:23:46 https://sbis.ru Ищем и возвращаем элемент ('css selector', '.sbisru-Contacts__border-left--border-xm > a:nth-child(1) > img:nth-child(1)')

2024-02-07 16:23:46 https://sbis.ru Пытаемся перевести курсор на ('css selector', '.sbisru-Contacts__border-left--border-xm > a:nth-child(1) > img:nth-child(1)')

2024-02-07 16:23:46 https://sbis.ru Успешное нажатие ('css selector', '.sbisru-Contacts__border-left--border-xm > a:nth-child(1) > img:nth-child(1)')

2024-02-07 16:23:46 https://sbis.ru Переключаемся на окно1

2024-02-07 16:23:46 https://sbis.ru Проверяем объект ('css selector', '.tensor_ru-Index__block4-content')

2024-02-07 16:23:49 https://sbis.ru Найден объект ('css selector', '.tensor_ru-Index__block4-content')

2024-02-07 16:23:51 https://sbis.ru Ищем и возвращаем элемент ('css selector', '.tensor_ru-Index__block4-content')

2024-02-07 16:23:51 https://sbis.ru Пытаемся проктутить видимость до объекта ('css selector', '.tensor_ru-Index__block4-content')

2024-02-07 16:23:52 https://sbis.ru Ищем и ожидаем объект ('css selector', '.tensor_ru-Index__block4-content > p:nth-child(4) > a:nth-child(1)')

2024-02-07 16:23:52 https://sbis.ru Ищем и возвращаем элемент ('css selector', '.tensor_ru-Index__block4-content > p:nth-child(4) > a:nth-child(1)')

2024-02-07 16:23:52 https://sbis.ru Пытаемся перевести курсор на ('css selector', '.tensor_ru-Index__block4-content > p:nth-child(4) > a:nth-child(1)')

2024-02-07 16:23:52 https://sbis.ru Успешное нажатие ('css selector', '.tensor_ru-Index__block4-content > p:nth-child(4) > a:nth-child(1)')

2024-02-07 16:23:52 https://sbis.ru Проверяем заголовок

2024-02-07 16:23:52 https://sbis.ru Заголовок некорректен

2024-02-07 16:23:54 https://sbis.ru Ищем объект из под драйвера ('xpath', "//img[contains(@class, 'tensor_ru-About__block3')]")

2024-02-07 16:23:54 https://sbis.ru Подключение к base_url https://sbis.ru

2024-02-07 16:23:54 https://sbis.ru Подключение к base_url https://sbis.ru

2024-02-07 16:23:54 https://sbis.ru Подключение успешно

2024-02-07 16:23:54 https://sbis.ru Подключение успешно

2024-02-07 16:23:54 https://sbis.ru Ищем и возвращаем элемент ('css selector', '.clientWidget-Button__icon')

2024-02-07 16:23:54 https://sbis.ru Ищем и возвращаем элемент ('css selector', '.clientWidget-Button__icon')

2024-02-07 16:23:55 https://sbis.ru Жмем на кнопку ('css selector', 'div.sbisru-Footer__cell:nth-child(10) > ul:nth-child(2) > li:nth-child(6) > a:nth-child(1)')

2024-02-07 16:23:55 https://sbis.ru Жмем на кнопку ('css selector', 'div.sbisru-Footer__cell:nth-child(10) > ul:nth-child(2) > li:nth-child(6) > a:nth-child(1)')

2024-02-07 16:23:55 https://sbis.ru Ищем и возвращаем элемент ('css selector', 'div.sbisru-Footer__cell:nth-child(10) > ul:nth-child(2) > li:nth-child(6) > a:nth-child(1)')

2024-02-07 16:23:55 https://sbis.ru Ищем и возвращаем элемент ('css selector', 'div.sbisru-Footer__cell:nth-child(10) > ul:nth-child(2) > li:nth-child(6) > a:nth-child(1)')

2024-02-07 16:23:57 https://sbis.ru Ищем и возвращаем элемент ('class name', 'sbis_ru-DownloadNew-tabBanner')

2024-02-07 16:23:57 https://sbis.ru Ищем и возвращаем элемент ('class name', 'sbis_ru-DownloadNew-tabBanner')

2024-02-07 16:23:57 https://sbis.ru Ищем и ожидаем объект ('xpath', "(//div[@class='controls-TabButton__caption' and contains(text(), 'СБИС Плагин')])")

2024-02-07 16:23:57 https://sbis.ru Ищем и ожидаем объект ('xpath', "(//div[@class='controls-TabButton__caption' and contains(text(), 'СБИС Плагин')])")

2024-02-07 16:23:57 https://sbis.ru Ищем и возвращаем элемент ('xpath', "(//div[@class='controls-TabButton__caption' and contains(text(), 'СБИС Плагин')])")

2024-02-07 16:23:57 https://sbis.ru Ищем и возвращаем элемент ('xpath', "(//div[@class='controls-TabButton__caption' and contains(text(), 'СБИС Плагин')])")

2024-02-07 16:23:57 https://sbis.ru Пытаемся перевести курсор на ('xpath', "(//div[@class='controls-TabButton__caption' and contains(text(), 'СБИС Плагин')])")

2024-02-07 16:23:57 https://sbis.ru Пытаемся перевести курсор на ('xpath', "(//div[@class='controls-TabButton__caption' and contains(text(), 'СБИС Плагин')])")

2024-02-07 16:23:57 https://sbis.ru Успешное нажатие ('xpath', "(//div[@class='controls-TabButton__caption' and contains(text(), 'СБИС Плагин')])")

2024-02-07 16:23:57 https://sbis.ru Успешное нажатие ('xpath', "(//div[@class='controls-TabButton__caption' and contains(text(), 'СБИС Плагин')])")

2024-02-07 16:23:57 https://sbis.ru Ищем и возвращаем элемент ('xpath', "(//div[contains(@class, 'sbis_ru-DownloadNew-loadLink')]/a[contains(text(), 'Скачать (Exe ')])")

2024-02-07 16:23:57 https://sbis.ru Ищем и возвращаем элемент ('xpath', "(//div[contains(@class, 'sbis_ru-DownloadNew-loadLink')]/a[contains(text(), 'Скачать (Exe ')])")

2024-02-07 16:26:35 https://sbis.ru Подключение к base_url https://sbis.ru

2024-02-07 16:26:37 https://sbis.ru Подключение успешно

2024-02-07 16:26:37 https://sbis.ru Ищем и возвращаем элемент ('css selector', '.clientWidget-Button__icon')

2024-02-07 16:26:38 https://sbis.ru Ищем и возвращаем элемент ('css selector', 'li.sbisru-Header__menu-item:nth-child(2) > a:nth-child(1)')

2024-02-07 16:26:40 https://sbis.ru Ищем и ожидаем объект ('css selector', '.sbisru-Contacts__border-left--border-xm > a:nth-child(1) > img:nth-child(1)')

2024-02-07 16:26:40 https://sbis.ru Ищем и возвращаем элемент ('css selector', '.sbisru-Contacts__border-left--border-xm > a:nth-child(1) > img:nth-child(1)')

2024-02-07 16:26:40 https://sbis.ru Пытаемся перевести курсор на ('css selector', '.sbisru-Contacts__border-left--border-xm > a:nth-child(1) > img:nth-child(1)')

2024-02-07 16:26:41 https://sbis.ru Успешное нажатие ('css selector', '.sbisru-Contacts__border-left--border-xm > a:nth-child(1) > img:nth-child(1)')

2024-02-07 16:26:41 https://sbis.ru Переключаемся на окно1

2024-02-07 16:26:41 https://sbis.ru Проверяем объект ('css selector', '.tensor_ru-Index__block4-content')

2024-02-07 16:26:44 https://sbis.ru Найден объект ('css selector', '.tensor_ru-Index__block4-content')

2024-02-07 16:26:46 https://sbis.ru Ищем и возвращаем элемент ('css selector', '.tensor_ru-Index__block4-content')

2024-02-07 16:26:46 https://sbis.ru Пытаемся проктутить видимость до объекта ('css selector', '.tensor_ru-Index__block4-content')

2024-02-07 16:26:47 https://sbis.ru Ищем и ожидаем объект ('css selector', '.tensor_ru-Index__block4-content > p:nth-child(4) > a:nth-child(1)')

2024-02-07 16:26:47 https://sbis.ru Ищем и возвращаем элемент ('css selector', '.tensor_ru-Index__block4-content > p:nth-child(4) > a:nth-child(1)')

2024-02-07 16:26:47 https://sbis.ru Пытаемся перевести курсор на ('css selector', '.tensor_ru-Index__block4-content > p:nth-child(4) > a:nth-child(1)')

2024-02-07 16:26:47 https://sbis.ru Успешное нажатие ('css selector', '.tensor_ru-Index__block4-content > p:nth-child(4) > a:nth-child(1)')

2024-02-07 16:26:47 https://sbis.ru Проверяем заголовок

2024-02-07 16:26:47 https://sbis.ru Заголовок некорректен

2024-02-07 16:26:49 https://sbis.ru Ищем объект из под драйвера ('xpath', "//img[contains(@class, 'tensor_ru-About__block3')]")

2024-02-07 16:26:49 https://sbis.ru Подключение к base_url https://sbis.ru

2024-02-07 16:26:49 https://sbis.ru Подключение к base_url https://sbis.ru

2024-02-07 16:26:49 https://sbis.ru Подключение успешно

2024-02-07 16:26:49 https://sbis.ru Подключение успешно

2024-02-07 16:26:49 https://sbis.ru Ищем и возвращаем элемент ('css selector', '.clientWidget-Button__icon')

2024-02-07 16:26:49 https://sbis.ru Ищем и возвращаем элемент ('css selector', '.clientWidget-Button__icon')

2024-02-07 16:26:50 https://sbis.ru Ищем и возвращаем элемент ('css selector', 'li.sbisru-Header__menu-item:nth-child(2) > a:nth-child(1)')

2024-02-07 16:26:50 https://sbis.ru Ищем и возвращаем элемент ('css selector', 'li.sbisru-Header__menu-item:nth-child(2) > a:nth-child(1)')

2024-02-07 16:26:52 https://sbis.ru Ищем объект из под драйвера ('css selector', '.ml-16 > span:nth-child(1)')

2024-02-07 16:26:52 https://sbis.ru Ищем объект из под драйвера ('css selector', '.ml-16 > span:nth-child(1)')

2024-02-07 16:26:53 https://sbis.ru Ищем объект из под драйвера ('css selector', '#city-id-2')

2024-02-07 16:26:53 https://sbis.ru Ищем объект из под драйвера ('css selector', '#city-id-2')

2024-02-07 16:26:53 https://sbis.ru Ищем объект из под драйвера ('xpath', "//div[contains(@class, 'sbisru-Contacts-List__name')]")

2024-02-07 16:26:53 https://sbis.ru Ищем объект из под драйвера ('xpath', "//div[contains(@class, 'sbisru-Contacts-List__name')]")

2024-02-07 16:26:53 https://sbis.ru Подключение к base_url https://sbis.ru

2024-02-07 16:26:53 https://sbis.ru Подключение к base_url https://sbis.ru

2024-02-07 16:26:53 https://sbis.ru Подключение к base_url https://sbis.ru

2024-02-07 16:26:53 https://sbis.ru Подключение успешно

2024-02-07 16:26:53 https://sbis.ru Подключение успешно

2024-02-07 16:26:53 https://sbis.ru Подключение успешно

2024-02-07 16:26:53 https://sbis.ru Ищем и возвращаем элемент ('css selector', '.clientWidget-Button__icon')

2024-02-07 16:26:53 https://sbis.ru Ищем и возвращаем элемент ('css selector', '.clientWidget-Button__icon')

2024-02-07 16:26:53 https://sbis.ru Ищем и возвращаем элемент ('css selector', '.clientWidget-Button__icon')

2024-02-07 16:26:54 https://sbis.ru Жмем на кнопку ('css selector', 'div.sbisru-Footer__cell:nth-child(10) > ul:nth-child(2) > li:nth-child(6) > a:nth-child(1)')

2024-02-07 16:26:54 https://sbis.ru Жмем на кнопку ('css selector', 'div.sbisru-Footer__cell:nth-child(10) > ul:nth-child(2) > li:nth-child(6) > a:nth-child(1)')

2024-02-07 16:26:54 https://sbis.ru Жмем на кнопку ('css selector', 'div.sbisru-Footer__cell:nth-child(10) > ul:nth-child(2) > li:nth-child(6) > a:nth-child(1)')

2024-02-07 16:26:54 https://sbis.ru Ищем и возвращаем элемент ('css selector', 'div.sbisru-Footer__cell:nth-child(10) > ul:nth-child(2) > li:nth-child(6) > a:nth-child(1)')

2024-02-07 16:26:54 https://sbis.ru Ищем и возвращаем элемент ('css selector', 'div.sbisru-Footer__cell:nth-child(10) > ul:nth-child(2) > li:nth-child(6) > a:nth-child(1)')

2024-02-07 16:26:54 https://sbis.ru Ищем и возвращаем элемент ('css selector', 'div.sbisru-Footer__cell:nth-child(10) > ul:nth-child(2) > li:nth-child(6) > a:nth-child(1)')

2024-02-07 16:26:57 https://sbis.ru Ищем и возвращаем элемент ('class name', 'sbis_ru-DownloadNew-tabBanner')

2024-02-07 16:26:57 https://sbis.ru Ищем и возвращаем элемент ('class name', 'sbis_ru-DownloadNew-tabBanner')

2024-02-07 16:26:57 https://sbis.ru Ищем и возвращаем элемент ('class name', 'sbis_ru-DownloadNew-tabBanner')

2024-02-07 16:26:57 https://sbis.ru Ищем и ожидаем объект ('xpath', "(//div[@class='controls-TabButton__caption' and contains(text(), 'СБИС Плагин')])")

2024-02-07 16:26:57 https://sbis.ru Ищем и ожидаем объект ('xpath', "(//div[@class='controls-TabButton__caption' and contains(text(), 'СБИС Плагин')])")

2024-02-07 16:26:57 https://sbis.ru Ищем и ожидаем объект ('xpath', "(//div[@class='controls-TabButton__caption' and contains(text(), 'СБИС Плагин')])")

2024-02-07 16:26:57 https://sbis.ru Ищем и возвращаем элемент ('xpath', "(//div[@class='controls-TabButton__caption' and contains(text(), 'СБИС Плагин')])")

2024-02-07 16:26:57 https://sbis.ru Ищем и возвращаем элемент ('xpath', "(//div[@class='controls-TabButton__caption' and contains(text(), 'СБИС Плагин')])")

2024-02-07 16:26:57 https://sbis.ru Ищем и возвращаем элемент ('xpath', "(//div[@class='controls-TabButton__caption' and contains(text(), 'СБИС Плагин')])")

2024-02-07 16:26:57 https://sbis.ru Пытаемся перевести курсор на ('xpath', "(//div[@class='controls-TabButton__caption' and contains(text(), 'СБИС Плагин')])")

2024-02-07 16:26:57 https://sbis.ru Пытаемся перевести курсор на ('xpath', "(//div[@class='controls-TabButton__caption' and contains(text(), 'СБИС Плагин')])")

2024-02-07 16:26:57 https://sbis.ru Пытаемся перевести курсор на ('xpath', "(//div[@class='controls-TabButton__caption' and contains(text(), 'СБИС Плагин')])")

2024-02-07 16:26:57 https://sbis.ru Успешное нажатие ('xpath', "(//div[@class='controls-TabButton__caption' and contains(text(), 'СБИС Плагин')])")

2024-02-07 16:26:57 https://sbis.ru Успешное нажатие ('xpath', "(//div[@class='controls-TabButton__caption' and contains(text(), 'СБИС Плагин')])")

2024-02-07 16:26:57 https://sbis.ru Успешное нажатие ('xpath', "(//div[@class='controls-TabButton__caption' and contains(text(), 'СБИС Плагин')])")

2024-02-07 16:26:57 https://sbis.ru Ищем и возвращаем элемент ('xpath', "(//div[contains(@class, 'sbis_ru-DownloadNew-loadLink')]/a[contains(text(), 'Скачать (Exe ')])")

2024-02-07 16:26:57 https://sbis.ru Ищем и возвращаем элемент ('xpath', "(//div[contains(@class, 'sbis_ru-DownloadNew-loadLink')]/a[contains(text(), 'Скачать (Exe ')])")

2024-02-07 16:26:57 https://sbis.ru Ищем и возвращаем элемент ('xpath', "(//div[contains(@class, 'sbis_ru-DownloadNew-loadLink')]/a[contains(text(), 'Скачать (Exe ')])")

2024-02-07 16:28:27 https://sbis.ru Подключение к base_url https://sbis.ru

2024-02-07 16:28:29 https://sbis.ru Подключение успешно

2024-02-07 16:28:29 https://sbis.ru Ищем и возвращаем элемент ('css selector', '.clientWidget-Button__icon')

2024-02-07 16:28:31 https://sbis.ru Ищем и возвращаем элемент ('css selector', 'li.sbisru-Header__menu-item:nth-child(2) > a:nth-child(1)')

2024-02-07 16:28:33 https://sbis.ru Ищем и ожидаем объект ('css selector', '.sbisru-Contacts__border-left--border-xm > a:nth-child(1) > img:nth-child(1)')

2024-02-07 16:28:33 https://sbis.ru Ищем и возвращаем элемент ('css selector', '.sbisru-Contacts__border-left--border-xm > a:nth-child(1) > img:nth-child(1)')

2024-02-07 16:28:33 https://sbis.ru Пытаемся перевести курсор на ('css selector', '.sbisru-Contacts__border-left--border-xm > a:nth-child(1) > img:nth-child(1)')

2024-02-07 16:28:33 https://sbis.ru Успешное нажатие ('css selector', '.sbisru-Contacts__border-left--border-xm > a:nth-child(1) > img:nth-child(1)')

2024-02-07 16:28:33 https://sbis.ru Переключаемся на окно1

2024-02-07 16:28:33 https://sbis.ru Проверяем объект ('css selector', '.tensor_ru-Index__block4-content')

2024-02-07 16:28:35 https://sbis.ru Найден объект ('css selector', '.tensor_ru-Index__block4-content')

2024-02-07 16:28:37 https://sbis.ru Ищем и возвращаем элемент ('css selector', '.tensor_ru-Index__block4-content')

2024-02-07 16:28:37 https://sbis.ru Пытаемся проктутить видимость до объекта ('css selector', '.tensor_ru-Index__block4-content')

2024-02-07 16:28:38 https://sbis.ru Ищем и ожидаем объект ('css selector', '.tensor_ru-Index__block4-content > p:nth-child(4) > a:nth-child(1)')

2024-02-07 16:28:38 https://sbis.ru Ищем и возвращаем элемент ('css selector', '.tensor_ru-Index__block4-content > p:nth-child(4) > a:nth-child(1)')

2024-02-07 16:28:38 https://sbis.ru Пытаемся перевести курсор на ('css selector', '.tensor_ru-Index__block4-content > p:nth-child(4) > a:nth-child(1)')

2024-02-07 16:28:39 https://sbis.ru Успешное нажатие ('css selector', '.tensor_ru-Index__block4-content > p:nth-child(4) > a:nth-child(1)')

2024-02-07 16:28:39 https://sbis.ru Проверяем заголовок

2024-02-07 16:28:39 https://sbis.ru Заголовок некорректен

2024-02-07 16:28:41 https://sbis.ru Ищем объект из под драйвера ('xpath', "//img[contains(@class, 'tensor_ru-About__block3')]")

2024-02-07 16:28:41 https://sbis.ru Подключение к base_url https://sbis.ru

2024-02-07 16:28:41 https://sbis.ru Подключение успешно

2024-02-07 16:28:41 https://sbis.ru Ищем и возвращаем элемент ('css selector', '.clientWidget-Button__icon')

2024-02-07 16:28:42 https://sbis.ru Ищем и возвращаем элемент ('css selector', 'li.sbisru-Header__menu-item:nth-child(2) > a:nth-child(1)')

2024-02-07 16:28:44 https://sbis.ru Ищем объект из под драйвера ('css selector', '.ml-16 > span:nth-child(1)')

2024-02-07 16:28:44 https://sbis.ru Ищем объект из под драйвера ('css selector', '#city-id-2')

2024-02-07 16:28:44 https://sbis.ru Ищем объект из под драйвера ('xpath', "//div[contains(@class, 'sbisru-Contacts-List__name')]")

2024-02-07 16:28:44 https://sbis.ru Подключение к base_url https://sbis.ru

2024-02-07 16:28:45 https://sbis.ru Подключение успешно

2024-02-07 16:28:45 https://sbis.ru Ищем и возвращаем элемент ('css selector', '.clientWidget-Button__icon')

2024-02-07 16:28:46 https://sbis.ru Жмем на кнопку ('css selector', 'div.sbisru-Footer__cell:nth-child(10) > ul:nth-child(2) > li:nth-child(6) > a:nth-child(1)')

2024-02-07 16:28:46 https://sbis.ru Ищем и возвращаем элемент ('css selector', 'div.sbisru-Footer__cell:nth-child(10) > ul:nth-child(2) > li:nth-child(6) > a:nth-child(1)')

2024-02-07 16:28:48 https://sbis.ru Ищем и возвращаем элемент ('class name', 'sbis_ru-DownloadNew-tabBanner')

2024-02-07 16:28:48 https://sbis.ru Ищем и ожидаем объект ('xpath', "(//div[@class='controls-TabButton__caption' and contains(text(), 'СБИС Плагин')])")

2024-02-07 16:28:48 https://sbis.ru Ищем и возвращаем элемент ('xpath', "(//div[@class='controls-TabButton__caption' and contains(text(), 'СБИС Плагин')])")

2024-02-07 16:28:48 https://sbis.ru Пытаемся перевести курсор на ('xpath', "(//div[@class='controls-TabButton__caption' and contains(text(), 'СБИС Плагин')])")

2024-02-07 16:28:49 https://sbis.ru Успешное нажатие ('xpath', "(//div[@class='controls-TabButton__caption' and contains(text(), 'СБИС Плагин')])")

2024-02-07 16:28:49 https://sbis.ru Ищем и возвращаем элемент ('xpath', "(//div[contains(@class, 'sbis_ru-DownloadNew-loadLink')]/a[contains(text(), 'Скачать (Exe ')])")

2024-02-07 16:29:37 https://sbis.ru Подключение к base_url https://sbis.ru

2024-02-07 16:29:39 https://sbis.ru Подключение успешно

2024-02-07 16:29:39 https://sbis.ru Ищем и возвращаем элемент ('css selector', '.clientWidget-Button__icon')

2024-02-07 16:29:41 https://sbis.ru Ищем и возвращаем элемент ('css selector', 'li.sbisru-Header__menu-item:nth-child(2) > a:nth-child(1)')

2024-02-07 16:30:47 https://sbis.ru Подключение к base_url https://sbis.ru

2024-02-07 16:30:50 https://sbis.ru Подключение успешно

2024-02-07 16:30:50 https://sbis.ru Ищем и возвращаем элемент ('css selector', '.clientWidget-Button__icon')

2024-02-07 16:30:51 https://sbis.ru Ищем и возвращаем элемент ('css selector', 'li.sbisru-Header__menu-item:nth-child(2) > a:nth-child(1)')

2024-02-07 16:30:53 https://sbis.ru Ищем и ожидаем объект ('css selector', '.sbisru-Contacts__border-left--border-xm > a:nth-child(1) > img:nth-child(1)')

2024-02-07 16:30:53 https://sbis.ru Ищем и возвращаем элемент ('css selector', '.sbisru-Contacts__border-left--border-xm > a:nth-child(1) > img:nth-child(1)')

2024-02-07 16:30:53 https://sbis.ru Пытаемся перевести курсор на ('css selector', '.sbisru-Contacts__border-left--border-xm > a:nth-child(1) > img:nth-child(1)')

2024-02-07 16:30:54 https://sbis.ru Успешное нажатие ('css selector', '.sbisru-Contacts__border-left--border-xm > a:nth-child(1) > img:nth-child(1)')

2024-02-07 16:30:54 https://sbis.ru Переключаемся на окно1

2024-02-07 16:30:54 https://sbis.ru Проверяем объект ('css selector', '.tensor_ru-Index__block4-content')

2024-02-07 16:30:56 https://sbis.ru Найден объект ('css selector', '.tensor_ru-Index__block4-content')

2024-02-07 16:30:58 https://sbis.ru Ищем и возвращаем элемент ('css selector', '.tensor_ru-Index__block4-content')

2024-02-07 16:30:58 https://sbis.ru Пытаемся проктутить видимость до объекта ('css selector', '.tensor_ru-Index__block4-content')

2024-02-07 16:30:59 https://sbis.ru Ищем и ожидаем объект ('css selector', '.tensor_ru-Index__block4-content > p:nth-child(4) > a:nth-child(1)')

2024-02-07 16:30:59 https://sbis.ru Ищем и возвращаем элемент ('css selector', '.tensor_ru-Index__block4-content > p:nth-child(4) > a:nth-child(1)')

2024-02-07 16:30:59 https://sbis.ru Пытаемся перевести курсор на ('css selector', '.tensor_ru-Index__block4-content > p:nth-child(4) > a:nth-child(1)')

2024-02-07 16:30:59 https://sbis.ru Успешное нажатие ('css selector', '.tensor_ru-Index__block4-content > p:nth-child(4) > a:nth-child(1)')

2024-02-07 16:30:59 https://sbis.ru Проверяем заголовок

2024-02-07 16:30:59 https://sbis.ru Заголовок некорректен

2024-02-07 16:31:01 https://sbis.ru Ищем объект из под драйвера ('xpath', "//img[contains(@class, 'tensor_ru-About__block3')]")

2024-02-07 16:31:01 https://sbis.ru Подключение к base_url https://sbis.ru

2024-02-07 16:31:01 https://sbis.ru Подключение успешно

2024-02-07 16:31:01 https://sbis.ru Ищем и возвращаем элемент ('css selector', '.clientWidget-Button__icon')

2024-02-07 16:31:02 https://sbis.ru Ищем и возвращаем элемент ('css selector', 'li.sbisru-Header__menu-item:nth-child(2) > a:nth-child(1)')

2024-02-07 16:31:05 https://sbis.ru Ищем объект из под драйвера ('css selector', '.ml-16 > span:nth-child(1)')

2024-02-07 16:31:05 https://sbis.ru Ищем объект из под драйвера ('css selector', '#city-id-2')

2024-02-07 16:31:05 https://sbis.ru Ищем объект из под драйвера ('xpath', "//div[contains(@class, 'sbisru-Contacts-List__name')]")

2024-02-07 16:31:05 https://sbis.ru Подключение к base_url https://sbis.ru

2024-02-07 16:31:05 https://sbis.ru Подключение успешно

2024-02-07 16:31:05 https://sbis.ru Ищем и возвращаем элемент ('css selector', '.clientWidget-Button__icon')

2024-02-07 16:31:06 https://sbis.ru Жмем на кнопку ('css selector', 'div.sbisru-Footer__cell:nth-child(10) > ul:nth-child(2) > li:nth-child(6) > a:nth-child(1)')

2024-02-07 16:31:06 https://sbis.ru Ищем и возвращаем элемент ('css selector', 'div.sbisru-Footer__cell:nth-child(10) > ul:nth-child(2) > li:nth-child(6) > a:nth-child(1)')

2024-02-07 16:31:08 https://sbis.ru Ищем и возвращаем элемент ('class name', 'sbis_ru-DownloadNew-tabBanner')

2024-02-07 16:31:08 https://sbis.ru Ищем и ожидаем объект ('xpath', "(//div[@class='controls-TabButton__caption' and contains(text(), 'СБИС Плагин')])")

2024-02-07 16:31:08 https://sbis.ru Ищем и возвращаем элемент ('xpath', "(//div[@class='controls-TabButton__caption' and contains(text(), 'СБИС Плагин')])")

2024-02-07 16:31:08 https://sbis.ru Пытаемся перевести курсор на ('xpath', "(//div[@class='controls-TabButton__caption' and contains(text(), 'СБИС Плагин')])")

2024-02-07 16:31:08 https://sbis.ru Успешное нажатие ('xpath', "(//div[@class='controls-TabButton__caption' and contains(text(), 'СБИС Плагин')])")

2024-02-07 16:31:08 https://sbis.ru Ищем и возвращаем элемент ('xpath', "(//div[contains(@class, 'sbis_ru-DownloadNew-loadLink')]/a[contains(text(), 'Скачать (Exe ')])")

2024-02-07 16:32:12 https://sbis.ru Подключение к base_url https://sbis.ru

2024-02-07 16:32:15 https://sbis.ru Подключение успешно

2024-02-07 16:32:15 https://sbis.ru Ищем и возвращаем элемент ('css selector', '.clientWidget-Button__icon')

2024-02-07 16:32:16 https://sbis.ru Ищем и возвращаем элемент ('css selector', 'li.sbisru-Header__menu-item:nth-child(2) > a:nth-child(1)')

2024-02-07 16:32:18 https://sbis.ru Ищем и ожидаем объект ('css selector', '.sbisru-Contacts__border-left--border-xm > a:nth-child(1) > img:nth-child(1)')

2024-02-07 16:32:18 https://sbis.ru Ищем и возвращаем элемент ('css selector', '.sbisru-Contacts__border-left--border-xm > a:nth-child(1) > img:nth-child(1)')

2024-02-07 16:32:18 https://sbis.ru Пытаемся перевести курсор на ('css selector', '.sbisru-Contacts__border-left--border-xm > a:nth-child(1) > img:nth-child(1)')

2024-02-07 16:32:18 https://sbis.ru Успешное нажатие ('css selector', '.sbisru-Contacts__border-left--border-xm > a:nth-child(1) > img:nth-child(1)')

2024-02-07 16:32:18 https://sbis.ru Переключаемся на окно1

2024-02-07 16:32:18 https://sbis.ru Проверяем объект ('css selector', '.tensor_ru-Index__block4-content')

2024-02-07 16:32:21 https://sbis.ru Найден объект ('css selector', '.tensor_ru-Index__block4-content')

2024-02-07 16:32:23 https://sbis.ru Ищем и возвращаем элемент ('css selector', '.tensor_ru-Index__block4-content')

2024-02-07 16:32:23 https://sbis.ru Пытаемся проктутить видимость до объекта ('css selector', '.tensor_ru-Index__block4-content')

2024-02-07 16:32:24 https://sbis.ru Ищем и ожидаем объект ('css selector', '.tensor_ru-Index__block4-content > p:nth-child(4) > a:nth-child(1)')

2024-02-07 16:32:24 https://sbis.ru Ищем и возвращаем элемент ('css selector', '.tensor_ru-Index__block4-content > p:nth-child(4) > a:nth-child(1)')

2024-02-07 16:32:24 https://sbis.ru Пытаемся перевести курсор на ('css selector', '.tensor_ru-Index__block4-content > p:nth-child(4) > a:nth-child(1)')

2024-02-07 16:32:24 https://sbis.ru Успешное нажатие ('css selector', '.tensor_ru-Index__block4-content > p:nth-child(4) > a:nth-child(1)')

2024-02-07 16:32:24 https://sbis.ru Проверяем заголовок

2024-02-07 16:32:24 https://sbis.ru Заголовок некорректен

2024-02-07 16:32:26 https://sbis.ru Ищем объект из под драйвера ('xpath', "//img[contains(@class, 'tensor_ru-About__block3')]")

2024-02-07 16:32:26 https://sbis.ru Подключение к base_url https://sbis.ru

2024-02-07 16:32:26 https://sbis.ru Подключение успешно

2024-02-07 16:32:26 https://sbis.ru Ищем и возвращаем элемент ('css selector', '.clientWidget-Button__icon')

2024-02-07 16:32:28 https://sbis.ru Ищем и возвращаем элемент ('css selector', 'li.sbisru-Header__menu-item:nth-child(2) > a:nth-child(1)')

2024-02-07 16:32:30 https://sbis.ru Ищем объект из под драйвера ('css selector', '.ml-16 > span:nth-child(1)')

2024-02-07 16:32:30 https://sbis.ru Ищем объект из под драйвера ('css selector', '#city-id-2')

2024-02-07 16:32:30 https://sbis.ru Ищем объект из под драйвера ('xpath', "//div[contains(@class, 'sbisru-Contacts-List__name')]")

2024-02-07 16:32:30 https://sbis.ru Подключение к base_url https://sbis.ru

2024-02-07 16:32:30 https://sbis.ru Подключение успешно

2024-02-07 16:32:30 https://sbis.ru Ищем и возвращаем элемент ('css selector', '.clientWidget-Button__icon')

2024-02-07 16:32:31 https://sbis.ru Жмем на кнопку ('css selector', 'div.sbisru-Footer__cell:nth-child(10) > ul:nth-child(2) > li:nth-child(6) > a:nth-child(1)')

2024-02-07 16:32:31 https://sbis.ru Ищем и возвращаем элемент ('css selector', 'div.sbisru-Footer__cell:nth-child(10) > ul:nth-child(2) > li:nth-child(6) > a:nth-child(1)')

2024-02-07 16:32:34 https://sbis.ru Ищем и возвращаем элемент ('class name', 'sbis_ru-DownloadNew-tabBanner')

2024-02-07 16:32:34 https://sbis.ru Ищем и ожидаем объект ('xpath', "(//div[@class='controls-TabButton__caption' and contains(text(), 'СБИС Плагин')])")

2024-02-07 16:32:34 https://sbis.ru Ищем и возвращаем элемент ('xpath', "(//div[@class='controls-TabButton__caption' and contains(text(), 'СБИС Плагин')])")

2024-02-07 16:32:34 https://sbis.ru Пытаемся перевести курсор на ('xpath', "(//div[@class='controls-TabButton__caption' and contains(text(), 'СБИС Плагин')])")

2024-02-07 16:32:34 https://sbis.ru Успешное нажатие ('xpath', "(//div[@class='controls-TabButton__caption' and contains(text(), 'СБИС Плагин')])")

2024-02-07 16:32:34 https://sbis.ru Ищем и возвращаем элемент ('xpath', "(//div[contains(@class, 'sbis_ru-DownloadNew-loadLink')]/a[contains(text(), 'Скачать (Exe ')])")

2024-02-07 16:33:42 https://sbis.ru Подключение к base_url https://sbis.ru

2024-02-07 16:33:45 https://sbis.ru Подключение успешно

2024-02-07 16:33:45 https://sbis.ru Ищем и возвращаем элемент ('css selector', '.clientWidget-Button__icon')

2024-02-07 16:33:46 https://sbis.ru Ищем и возвращаем элемент ('css selector', 'li.sbisru-Header__menu-item:nth-child(2) > a:nth-child(1)')

2024-02-07 16:33:48 https://sbis.ru Ищем и ожидаем объект ('css selector', '.sbisru-Contacts__border-left--border-xm > a:nth-child(1) > img:nth-child(1)')

2024-02-07 16:33:48 https://sbis.ru Ищем и возвращаем элемент ('css selector', '.sbisru-Contacts__border-left--border-xm > a:nth-child(1) > img:nth-child(1)')

2024-02-07 16:33:48 https://sbis.ru Пытаемся перевести курсор на ('css selector', '.sbisru-Contacts__border-left--border-xm > a:nth-child(1) > img:nth-child(1)')

2024-02-07 16:33:49 https://sbis.ru Успешное нажатие ('css selector', '.sbisru-Contacts__border-left--border-xm > a:nth-child(1) > img:nth-child(1)')

2024-02-07 16:33:49 https://sbis.ru Переключаемся на окно1

2024-02-07 16:33:49 https://sbis.ru Проверяем объект ('css selector', '.tensor_ru-Index__block4-content')

2024-02-07 16:33:51 https://sbis.ru Найден объект ('css selector', '.tensor_ru-Index__block4-content')

2024-02-07 16:33:53 https://sbis.ru Ищем и возвращаем элемент ('css selector', '.tensor_ru-Index__block4-content')

2024-02-07 16:33:53 https://sbis.ru Пытаемся проктутить видимость до объекта ('css selector', '.tensor_ru-Index__block4-content')

2024-02-07 16:33:54 https://sbis.ru Ищем и ожидаем объект ('css selector', '.tensor_ru-Index__block4-content > p:nth-child(4) > a:nth-child(1)')

2024-02-07 16:33:54 https://sbis.ru Ищем и возвращаем элемент ('css selector', '.tensor_ru-Index__block4-content > p:nth-child(4) > a:nth-child(1)')

2024-02-07 16:33:54 https://sbis.ru Пытаемся перевести курсор на ('css selector', '.tensor_ru-Index__block4-content > p:nth-child(4) > a:nth-child(1)')

2024-02-07 16:33:54 https://sbis.ru Успешное нажатие ('css selector', '.tensor_ru-Index__block4-content > p:nth-child(4) > a:nth-child(1)')

2024-02-07 16:33:54 https://sbis.ru Проверяем заголовок

2024-02-07 16:33:54 https://sbis.ru Заголовок некорректен

2024-02-07 16:33:56 https://sbis.ru Ищем объект из под драйвера ('xpath', "//img[contains(@class, 'tensor_ru-About__block3')]")

2024-02-07 16:33:56 https://sbis.ru Подключение к base_url https://sbis.ru

2024-02-07 16:33:57 https://sbis.ru Подключение успешно

2024-02-07 16:33:57 https://sbis.ru Ищем и возвращаем элемент ('css selector', '.clientWidget-Button__icon')

2024-02-07 16:33:58 https://sbis.ru Ищем и возвращаем элемент ('css selector', 'li.sbisru-Header__menu-item:nth-child(2) > a:nth-child(1)')

2024-02-07 16:34:00 https://sbis.ru Ищем объект из под драйвера ('css selector', '.ml-16 > span:nth-child(1)')

2024-02-07 16:34:00 https://sbis.ru Ищем объект из под драйвера ('css selector', '#city-id-2')

2024-02-07 16:34:00 https://sbis.ru Ищем объект из под драйвера ('xpath', "//div[contains(@class, 'sbisru-Contacts-List__name')]")

2024-02-07 16:34:00 https://sbis.ru Подключение к base_url https://sbis.ru

2024-02-07 16:34:01 https://sbis.ru Подключение успешно

2024-02-07 16:34:01 https://sbis.ru Ищем и возвращаем элемент ('css selector', '.clientWidget-Button__icon')

2024-02-07 16:34:02 https://sbis.ru Жмем на кнопку ('css selector', 'div.sbisru-Footer__cell:nth-child(10) > ul:nth-child(2) > li:nth-child(6) > a:nth-child(1)')

2024-02-07 16:34:02 https://sbis.ru Ищем и возвращаем элемент ('css selector', 'div.sbisru-Footer__cell:nth-child(10) > ul:nth-child(2) > li:nth-child(6) > a:nth-child(1)')

2024-02-07 16:34:04 https://sbis.ru Ищем и возвращаем элемент ('class name', 'sbis_ru-DownloadNew-tabBanner')

2024-02-07 16:34:04 https://sbis.ru Ищем и ожидаем объект ('xpath', "(//div[@class='controls-TabButton__caption' and contains(text(), 'СБИС Плагин')])")

2024-02-07 16:34:04 https://sbis.ru Ищем и возвращаем элемент ('xpath', "(//div[@class='controls-TabButton__caption' and contains(text(), 'СБИС Плагин')])")

2024-02-07 16:34:04 https://sbis.ru Пытаемся перевести курсор на ('xpath', "(//div[@class='controls-TabButton__caption' and contains(text(), 'СБИС Плагин')])")

2024-02-07 16:34:05 https://sbis.ru Успешное нажатие ('xpath', "(//div[@class='controls-TabButton__caption' and contains(text(), 'СБИС Плагин')])")

2024-02-07 16:34:05 https://sbis.ru Ищем и возвращаем элемент ('xpath', "(//div[contains(@class, 'sbis_ru-DownloadNew-loadLink')]/a[contains(text(), 'Скачать (Exe ')])")

2024-02-07 16:36:40 https://sbis.ru Подключение к base_url https://sbis.ru

2024-02-07 16:36:43 https://sbis.ru Подключение успешно

2024-02-07 16:36:43 https://sbis.ru Ищем и возвращаем элемент ('css selector', '.clientWidget-Button__icon')

2024-02-07 16:36:44 https://sbis.ru Ищем и возвращаем элемент ('css selector', 'li.sbisru-Header__menu-item:nth-child(2) > a:nth-child(1)')

2024-02-07 16:36:46 https://sbis.ru Ищем и ожидаем объект ('css selector', '.sbisru-Contacts__border-left--border-xm > a:nth-child(1) > img:nth-child(1)')

2024-02-07 16:36:46 https://sbis.ru Ищем и возвращаем элемент ('css selector', '.sbisru-Contacts__border-left--border-xm > a:nth-child(1) > img:nth-child(1)')

2024-02-07 16:36:46 https://sbis.ru Пытаемся перевести курсор на ('css selector', '.sbisru-Contacts__border-left--border-xm > a:nth-child(1) > img:nth-child(1)')

2024-02-07 16:36:46 https://sbis.ru Успешное нажатие ('css selector', '.sbisru-Contacts__border-left--border-xm > a:nth-child(1) > img:nth-child(1)')

2024-02-07 16:36:46 https://sbis.ru Переключаемся на окно1

2024-02-07 16:36:46 https://sbis.ru Проверяем объект ('css selector', '.tensor_ru-Index__block4-content')

2024-02-07 16:36:48 https://sbis.ru Найден объект ('css selector', '.tensor_ru-Index__block4-content')

2024-02-07 16:36:50 https://sbis.ru Ищем и возвращаем элемент ('css selector', '.tensor_ru-Index__block4-content')

2024-02-07 16:36:50 https://sbis.ru Пытаемся проктутить видимость до объекта ('css selector', '.tensor_ru-Index__block4-content')

2024-02-07 16:36:51 https://sbis.ru Ищем и ожидаем объект ('css selector', '.tensor_ru-Index__block4-content > p:nth-child(4) > a:nth-child(1)')

2024-02-07 16:36:51 https://sbis.ru Ищем и возвращаем элемент ('css selector', '.tensor_ru-Index__block4-content > p:nth-child(4) > a:nth-child(1)')

2024-02-07 16:36:51 https://sbis.ru Пытаемся перевести курсор на ('css selector', '.tensor_ru-Index__block4-content > p:nth-child(4) > a:nth-child(1)')

2024-02-07 16:36:51 https://sbis.ru Успешное нажатие ('css selector', '.tensor_ru-Index__block4-content > p:nth-child(4) > a:nth-child(1)')

2024-02-07 16:36:51 https://sbis.ru Проверяем заголовок

2024-02-07 16:36:51 https://sbis.ru Заголовок некорректен

2024-02-07 16:36:53 https://sbis.ru Ищем объект из под драйвера ('xpath', "//img[contains(@class, 'tensor_ru-About__block3')]")

2024-02-07 16:36:53 https://sbis.ru Подключение к base_url https://sbis.ru

2024-02-07 16:36:54 https://sbis.ru Подключение успешно

2024-02-07 16:36:54 https://sbis.ru Ищем и возвращаем элемент ('css selector', '.clientWidget-Button__icon')

2024-02-07 16:36:55 https://sbis.ru Ищем и возвращаем элемент ('css selector', 'li.sbisru-Header__menu-item:nth-child(2) > a:nth-child(1)')

2024-02-07 16:36:57 https://sbis.ru Ищем объект из под драйвера ('css selector', '.ml-16 > span:nth-child(1)')

2024-02-07 16:36:57 https://sbis.ru Ищем объект из под драйвера ('css selector', '#city-id-2')

2024-02-07 16:36:57 https://sbis.ru Ищем объект из под драйвера ('xpath', "//div[contains(@class, 'sbisru-Contacts-List__name')]")

2024-02-07 16:36:57 https://sbis.ru Ищем и ожидаем объект ('css selector', '.ml-16 > span:nth-child(1)')

2024-02-07 16:36:57 https://sbis.ru Ищем и возвращаем элемент ('css selector', '.ml-16 > span:nth-child(1)')

2024-02-07 16:36:57 https://sbis.ru Пытаемся перевести курсор на ('css selector', '.ml-16 > span:nth-child(1)')

2024-02-07 16:36:58 https://sbis.ru Успешное нажатие ('css selector', '.ml-16 > span:nth-child(1)')

2024-02-07 16:36:58 https://sbis.ru Ищем и ожидаем объект ('css selector', 'li.sbis_ru-Region-Panel__item:nth-child(43) > span:nth-child(1)')

2024-02-07 16:36:58 https://sbis.ru Ищем и возвращаем элемент ('css selector', 'li.sbis_ru-Region-Panel__item:nth-child(43) > span:nth-child(1)')

2024-02-07 16:36:58 https://sbis.ru Пытаемся перевести курсор на ('css selector', 'li.sbis_ru-Region-Panel__item:nth-child(43) > span:nth-child(1)')

2024-02-07 16:36:58 https://sbis.ru Успешное нажатие ('css selector', 'li.sbis_ru-Region-Panel__item:nth-child(43) > span:nth-child(1)')

2024-02-07 16:36:59 https://sbis.ru Ищем объект из под драйвера ('css selector', '.ml-16 > span:nth-child(1)')

2024-02-07 16:36:59 https://sbis.ru Ищем объект из под драйвера ('css selector', '#city-id-2')

2024-02-07 16:36:59 https://sbis.ru Ищем объект из под драйвера ('xpath', "//div[contains(@class, 'sbisru-Contacts-List__name')]")

2024-02-07 16:36:59 https://sbis.ru Проверяем заголовок

2024-02-07 16:36:59 https://sbis.ru Заголовок некорректен

2024-02-07 16:36:59 https://sbis.ru Проверяем url

2024-02-07 16:36:59 https://sbis.ru Url корректен

2024-02-07 16:37:00 https://sbis.ru Подключение к base_url https://sbis.ru

2024-02-07 16:37:00 https://sbis.ru Подключение успешно

2024-02-07 16:37:00 https://sbis.ru Ищем и возвращаем элемент ('css selector', '.clientWidget-Button__icon')

2024-02-07 16:37:01 https://sbis.ru Жмем на кнопку ('css selector', 'div.sbisru-Footer__cell:nth-child(10) > ul:nth-child(2) > li:nth-child(6) > a:nth-child(1)')

2024-02-07 16:37:01 https://sbis.ru Ищем и возвращаем элемент ('css selector', 'div.sbisru-Footer__cell:nth-child(10) > ul:nth-child(2) > li:nth-child(6) > a:nth-child(1)')

2024-02-07 16:37:04 https://sbis.ru Ищем и возвращаем элемент ('class name', 'sbis_ru-DownloadNew-tabBanner')

2024-02-07 16:37:04 https://sbis.ru Ищем и ожидаем объект ('xpath', "(//div[@class='controls-TabButton__caption' and contains(text(), 'СБИС Плагин')])")

2024-02-07 16:37:04 https://sbis.ru Ищем и возвращаем элемент ('xpath', "(//div[@class='controls-TabButton__caption' and contains(text(), 'СБИС Плагин')])")

2024-02-07 16:37:04 https://sbis.ru Пытаемся перевести курсор на ('xpath', "(//div[@class='controls-TabButton__caption' and contains(text(), 'СБИС Плагин')])")

2024-02-07 16:37:04 https://sbis.ru Успешное нажатие ('xpath', "(//div[@class='controls-TabButton__caption' and contains(text(), 'СБИС Плагин')])")

2024-02-07 16:37:04 https://sbis.ru Ищем и возвращаем элемент ('xpath', "(//div[contains(@class, 'sbis_ru-DownloadNew-loadLink')]/a[contains(text(), 'Скачать (Exe ')])")

